{"D:\\pythonProject\\character-game\\src\\Bowman.js": {"path":"D:\\pythonProject\\character-game\\src\\Bowman.js","statementMap":{"0":{"start":{"line":5,"column":4},"end":{"line":5,"column":26}},"1":{"start":{"line":6,"column":4},"end":{"line":6,"column":21}},"2":{"start":{"line":7,"column":4},"end":{"line":7,"column":22}}},"fnMap":{"0":{"name":"(anonymous_0)","decl":{"start":{"line":4,"column":2},"end":{"line":4,"column":3}},"loc":{"start":{"line":4,"column":20},"end":{"line":8,"column":3}},"line":4}},"branchMap":{},"s":{"0":2,"1":1,"2":1},"f":{"0":2},"b":{},"_coverageSchema":"1a1c01bbd47fc00a2c39e90264f33305004495a9","hash":"22b75e8330f8a997ece9eb6db4cb820a0e5c1d5d"}
,"D:\\pythonProject\\character-game\\src\\Character.js": {"path":"D:\\pythonProject\\character-game\\src\\Character.js","statementMap":{"0":{"start":{"line":3,"column":27},"end":{"line":3,"column":92}},"1":{"start":{"line":5,"column":6},"end":{"line":7,"column":7}},"2":{"start":{"line":6,"column":8},"end":{"line":6,"column":75}},"3":{"start":{"line":9,"column":6},"end":{"line":11,"column":7}},"4":{"start":{"line":10,"column":8},"end":{"line":10,"column":89}},"5":{"start":{"line":13,"column":6},"end":{"line":13,"column":23}},"6":{"start":{"line":14,"column":6},"end":{"line":14,"column":23}},"7":{"start":{"line":15,"column":6},"end":{"line":15,"column":24}},"8":{"start":{"line":16,"column":6},"end":{"line":16,"column":21}}},"fnMap":{"0":{"name":"(anonymous_0)","decl":{"start":{"line":2,"column":4},"end":{"line":2,"column":5}},"loc":{"start":{"line":2,"column":28},"end":{"line":17,"column":5}},"line":2}},"branchMap":{"0":{"loc":{"start":{"line":5,"column":6},"end":{"line":7,"column":7}},"type":"if","locations":[{"start":{"line":5,"column":6},"end":{"line":7,"column":7}},{"start":{},"end":{}}],"line":5},"1":{"loc":{"start":{"line":9,"column":6},"end":{"line":11,"column":7}},"type":"if","locations":[{"start":{"line":9,"column":6},"end":{"line":11,"column":7}},{"start":{},"end":{}}],"line":9},"2":{"loc":{"start":{"line":9,"column":10},"end":{"line":9,"column":73}},"type":"binary-expr","locations":[{"start":{"line":9,"column":10},"end":{"line":9,"column":34}},{"start":{"line":9,"column":38},"end":{"line":9,"column":53}},{"start":{"line":9,"column":57},"end":{"line":9,"column":73}}],"line":9}},"s":{"0":9,"1":9,"2":1,"3":8,"4":2,"5":6,"6":6,"7":6,"8":6},"f":{"0":9},"b":{"0":[1,8],"1":[2,6],"2":[8,8,7]},"_coverageSchema":"1a1c01bbd47fc00a2c39e90264f33305004495a9","hash":"84351ca457f467f3abba5697b1e52fc56eaf6ad7"}
,"D:\\pythonProject\\character-game\\src\\Daemon.js": {"path":"D:\\pythonProject\\character-game\\src\\Daemon.js","statementMap":{"0":{"start":{"line":5,"column":4},"end":{"line":5,"column":26}},"1":{"start":{"line":6,"column":4},"end":{"line":6,"column":21}},"2":{"start":{"line":7,"column":4},"end":{"line":7,"column":22}}},"fnMap":{"0":{"name":"(anonymous_0)","decl":{"start":{"line":4,"column":2},"end":{"line":4,"column":3}},"loc":{"start":{"line":4,"column":20},"end":{"line":8,"column":3}},"line":4}},"branchMap":{},"s":{"0":1,"1":1,"2":1},"f":{"0":1},"b":{},"_coverageSchema":"1a1c01bbd47fc00a2c39e90264f33305004495a9","hash":"4baf44ffd034627debf70e0f8e39bf594ed03f9f"}
,"D:\\pythonProject\\character-game\\src\\Magician.js": {"path":"D:\\pythonProject\\character-game\\src\\Magician.js","statementMap":{"0":{"start":{"line":5,"column":4},"end":{"line":5,"column":28}},"1":{"start":{"line":6,"column":4},"end":{"line":6,"column":21}},"2":{"start":{"line":7,"column":4},"end":{"line":7,"column":22}}},"fnMap":{"0":{"name":"(anonymous_0)","decl":{"start":{"line":4,"column":2},"end":{"line":4,"column":3}},"loc":{"start":{"line":4,"column":20},"end":{"line":8,"column":3}},"line":4}},"branchMap":{},"s":{"0":1,"1":1,"2":1},"f":{"0":1},"b":{},"_coverageSchema":"1a1c01bbd47fc00a2c39e90264f33305004495a9","hash":"60525f22651d132b5e9550e0b69f198723ca902a"}
,"D:\\pythonProject\\character-game\\src\\Swordsman.js": {"path":"D:\\pythonProject\\character-game\\src\\Swordsman.js","statementMap":{"0":{"start":{"line":5,"column":4},"end":{"line":5,"column":29}},"1":{"start":{"line":6,"column":4},"end":{"line":6,"column":21}},"2":{"start":{"line":7,"column":4},"end":{"line":7,"column":22}}},"fnMap":{"0":{"name":"(anonymous_0)","decl":{"start":{"line":4,"column":2},"end":{"line":4,"column":3}},"loc":{"start":{"line":4,"column":20},"end":{"line":8,"column":3}},"line":4}},"branchMap":{},"s":{"0":2,"1":1,"2":1},"f":{"0":2},"b":{},"_coverageSchema":"1a1c01bbd47fc00a2c39e90264f33305004495a9","hash":"eedff018c6502e4ce475eb027ccdf8973cb70178"}
,"D:\\pythonProject\\character-game\\src\\Undead.js": {"path":"D:\\pythonProject\\character-game\\src\\Undead.js","statementMap":{"0":{"start":{"line":5,"column":4},"end":{"line":5,"column":26}},"1":{"start":{"line":6,"column":4},"end":{"line":6,"column":21}},"2":{"start":{"line":7,"column":4},"end":{"line":7,"column":22}}},"fnMap":{"0":{"name":"(anonymous_0)","decl":{"start":{"line":4,"column":2},"end":{"line":4,"column":3}},"loc":{"start":{"line":4,"column":20},"end":{"line":8,"column":3}},"line":4}},"branchMap":{},"s":{"0":1,"1":1,"2":1},"f":{"0":1},"b":{},"_coverageSchema":"1a1c01bbd47fc00a2c39e90264f33305004495a9","hash":"f7e6c1fa1f885a1b7416018fe950e81235b42ec8"}
,"D:\\pythonProject\\character-game\\src\\Zombie.js": {"path":"D:\\pythonProject\\character-game\\src\\Zombie.js","statementMap":{"0":{"start":{"line":5,"column":4},"end":{"line":5,"column":26}},"1":{"start":{"line":6,"column":4},"end":{"line":6,"column":21}},"2":{"start":{"line":7,"column":4},"end":{"line":7,"column":22}}},"fnMap":{"0":{"name":"(anonymous_0)","decl":{"start":{"line":4,"column":2},"end":{"line":4,"column":3}},"loc":{"start":{"line":4,"column":20},"end":{"line":8,"column":3}},"line":4}},"branchMap":{},"s":{"0":1,"1":1,"2":1},"f":{"0":1},"b":{},"_coverageSchema":"1a1c01bbd47fc00a2c39e90264f33305004495a9","hash":"4f128120b7dc8e54492da920a3d8bdb86f5686d3"}
}
